Command line: /Users/cmdb/miniconda3/envs/cmdb/bin/spades.py	--pe1-1	/Users/cmdb/qbb2020-answers/week_1_homework/Question3/frag180.1.fq	--pe1-2	/Users/cmdb/qbb2020-answers/week_1_homework/Question3/frag180.2.fq	--mp1-1	/Users/cmdb/qbb2020-answers/week_1_homework/Question3/jump2k.1.fq	--mp1-2	/Users/cmdb/qbb2020-answers/week_1_homework/Question3/jump2k.2.fq	-o	/Users/cmdb/qbb2020-answers/week_1_homework/Question3/asm	-t	4	-k	31	

System information:
  SPAdes version: 3.14.1
  Python version: 3.6.10
  OS: Darwin-19.6.0-x86_64-i386-64bit

Output dir: /Users/cmdb/qbb2020-answers/week_1_homework/Question3/asm
Mode: read error correction and assembling
Debug mode is turned OFF

Dataset parameters:
  Standard mode
  For multi-cell/isolate data we recommend to use '--isolate' option; for single-cell MDA data use '--sc'; for metagenomic data use '--meta'; for RNA-Seq use '--rna'.
  Reads:
    Library number: 1, library type: paired-end
      orientation: fr
      left reads: ['/Users/cmdb/qbb2020-answers/week_1_homework/Question3/frag180.1.fq']
      right reads: ['/Users/cmdb/qbb2020-answers/week_1_homework/Question3/frag180.2.fq']
      interlaced reads: not specified
      single reads: not specified
      merged reads: not specified
    Library number: 2, library type: mate-pairs
      orientation: rf
      left reads: ['/Users/cmdb/qbb2020-answers/week_1_homework/Question3/jump2k.1.fq']
      right reads: ['/Users/cmdb/qbb2020-answers/week_1_homework/Question3/jump2k.2.fq']
      interlaced reads: not specified
      single reads: not specified
      merged reads: not specified
Read error correction parameters:
  Iterations: 1
  PHRED offset will be auto-detected
  Corrected reads will be compressed
Assembly parameters:
  k: [31]
  Repeat resolution is enabled
  Mismatch careful mode is turned OFF
  MismatchCorrector will be SKIPPED
  Coverage cutoff is turned OFF
Other parameters:
  Dir for temp files: /Users/cmdb/qbb2020-answers/week_1_homework/Question3/asm/tmp
  Threads: 4
  Memory limit (in Gb): 250


======= SPAdes pipeline started. Log can be found here: /Users/cmdb/qbb2020-answers/week_1_homework/Question3/asm/spades.log

/Users/cmdb/qbb2020-answers/week_1_homework/Question3/frag180.1.fq: max reads length: 100
/Users/cmdb/qbb2020-answers/week_1_homework/Question3/frag180.2.fq: max reads length: 100

Reads length: 100


===== Before start started. 


===== Read error correction started. 


===== Read error correction started. 


== Running: /Users/cmdb/miniconda3/envs/cmdb/bin/spades-hammer /Users/cmdb/qbb2020-answers/week_1_homework/Question3/asm/corrected/configs/config.info

  0:00:00.000     3M / 3M    INFO    General                 (main.cpp                  :  75)   Starting BayesHammer, built from refs/heads/pull/23796, git revision 27d2cb2ff888acc9d29b2e8b32290136a0b283e2
  0:00:00.000     3M / 3M    INFO    General                 (main.cpp                  :  76)   Loading config from /Users/cmdb/qbb2020-answers/week_1_homework/Question3/asm/corrected/configs/config.info
  0:00:00.003     3M / 3M    INFO    General                 (main.cpp                  :  78)   Maximum # of threads to use (adjusted due to OMP capabilities): 4
  0:00:00.003     3M / 3M    INFO    General                 (memory_limit.cpp          :  49)   Memory limit set to 250 Gb
  0:00:00.003     3M / 3M    INFO    General                 (main.cpp                  :  86)   Trying to determine PHRED offset
  0:00:00.004     3M / 3M    INFO    General                 (main.cpp                  :  92)   Determined value is 33
  0:00:00.004     3M / 3M    INFO    General                 (hammer_tools.cpp          :  38)   Hamming graph threshold tau=1, k=21, subkmer positions = [ 0 10 ]
  0:00:00.004     3M / 3M    INFO    General                 (main.cpp                  : 113)   Size of aux. kmer data 24 bytes
     === ITERATION 0 begins ===
  0:00:00.011     3M / 3M    INFO   K-mer Index Building     (kmer_index_builder.hpp    : 301)   Building kmer index
  0:00:00.011     3M / 3M    INFO    General                 (kmer_index_builder.hpp    : 117)   Splitting kmer instances into 64 files using 4 threads. This might take a while.
  0:00:00.012     3M / 3M    INFO    General                 (file_limit.hpp            :  32)   Open file limit set to 4096
  0:00:00.012     3M / 3M    INFO    General                 (kmer_splitters.hpp        :  89)   Memory available for splitting buffers: 20.8333 Gb
  0:00:00.012     3M / 3M    INFO    General                 (kmer_splitters.hpp        :  97)   Using cell size of 1048576
  0:00:00.012     3M / 3M    INFO   K-mer Splitting          (kmer_data.cpp             :  97)   Processing /Users/cmdb/qbb2020-answers/week_1_homework/Question3/frag180.1.fq
  0:00:00.801     4M / 53M   INFO   K-mer Splitting          (kmer_data.cpp             : 107)   Processed 35178 reads
  0:00:00.802     4M / 53M   INFO   K-mer Splitting          (kmer_data.cpp             :  97)   Processing /Users/cmdb/qbb2020-answers/week_1_homework/Question3/frag180.2.fq
  0:00:01.439     4M / 54M   INFO   K-mer Splitting          (kmer_data.cpp             : 107)   Processed 70356 reads
  0:00:01.440     4M / 54M   INFO   K-mer Splitting          (kmer_data.cpp             :  97)   Processing /Users/cmdb/qbb2020-answers/week_1_homework/Question3/jump2k.1.fq
  0:00:01.939     4M / 54M   INFO   K-mer Splitting          (kmer_data.cpp             : 107)   Processed 140711 reads
  0:00:01.939     4M / 54M   INFO   K-mer Splitting          (kmer_data.cpp             :  97)   Processing /Users/cmdb/qbb2020-answers/week_1_homework/Question3/jump2k.2.fq
  0:00:02.477     4M / 54M   INFO   K-mer Splitting          (kmer_data.cpp             : 112)   Total 211066 reads processed
  0:00:02.515     4M / 7M    INFO    General                 (kmer_index_builder.hpp    : 120)   Starting k-mer counting.
  0:00:02.812     4M / 8M    INFO    General                 (kmer_index_builder.hpp    : 127)   K-mer counting done. There are 3406316 kmers in total.
  0:00:02.812     4M / 8M    INFO    General                 (kmer_index_builder.hpp    : 133)   Merging temporary buckets.
  0:00:02.982     4M / 8M    INFO   K-mer Index Building     (kmer_index_builder.hpp    : 314)   Building perfect hash indices
  0:00:03.249     6M / 10M   INFO    General                 (kmer_index_builder.hpp    : 150)   Merging final buckets.
  0:00:03.387     6M / 10M   INFO   K-mer Index Building     (kmer_index_builder.hpp    : 336)   Index built. Total 1587704 bytes occupied (3.72885 bits per kmer).
  0:00:03.388     6M / 10M   INFO   K-mer Counting           (kmer_data.cpp             : 351)   Arranging kmers in hash map order
  0:00:03.552    62M / 62M   INFO    General                 (main.cpp                  : 148)   Clustering Hamming graph.
  0:00:09.214    62M / 62M   INFO    General                 (main.cpp                  : 155)   Extracting clusters
  0:00:10.353    90M / 90M   INFO    General                 (main.cpp                  : 167)   Clustering done. Total clusters: 711451
  0:00:10.354    61M / 63M   INFO   K-mer Counting           (kmer_data.cpp             : 371)   Collecting K-mer information, this takes a while.
  0:00:10.390   142M / 142M  INFO   K-mer Counting           (kmer_data.cpp             : 377)   Processing /Users/cmdb/qbb2020-answers/week_1_homework/Question3/frag180.1.fq
  0:00:11.308   141M / 141M  INFO   K-mer Counting           (kmer_data.cpp             : 377)   Processing /Users/cmdb/qbb2020-answers/week_1_homework/Question3/frag180.2.fq
  0:00:12.186   136M / 136M  INFO   K-mer Counting           (kmer_data.cpp             : 377)   Processing /Users/cmdb/qbb2020-answers/week_1_homework/Question3/jump2k.1.fq
  0:00:12.887   136M / 136M  INFO   K-mer Counting           (kmer_data.cpp             : 377)   Processing /Users/cmdb/qbb2020-answers/week_1_homework/Question3/jump2k.2.fq
  0:00:13.571   136M / 136M  INFO   K-mer Counting           (kmer_data.cpp             : 384)   Collection done, postprocessing.
  0:00:13.581   136M / 136M  INFO   K-mer Counting           (kmer_data.cpp             : 398)   There are 3406316 kmers in total. Among them 2816716 (82.691%) are singletons.
  0:00:13.581   136M / 136M  INFO    General                 (main.cpp                  : 173)   Subclustering Hamming graph
  0:00:15.133   134M / 139M  INFO   Hamming Subclustering    (kmer_cluster.cpp          : 649)   Subclustering done. Total 0 non-read kmers were generated.
  0:00:15.133   134M / 139M  INFO   Hamming Subclustering    (kmer_cluster.cpp          : 650)   Subclustering statistics:
  0:00:15.133   134M / 139M  INFO   Hamming Subclustering    (kmer_cluster.cpp          : 651)     Total singleton hamming clusters: 244614. Among them 1300 (0.53145%) are good
  0:00:15.134   134M / 139M  INFO   Hamming Subclustering    (kmer_cluster.cpp          : 652)     Total singleton subclusters: 0. Among them 0 (nan%) are good
  0:00:15.134   134M / 139M  INFO   Hamming Subclustering    (kmer_cluster.cpp          : 653)     Total non-singleton subcluster centers: 467466. Among them 461021 (98.6213%) are good
  0:00:15.134   134M / 139M  INFO   Hamming Subclustering    (kmer_cluster.cpp          : 654)     Average size of non-trivial subcluster: 6.76349 kmers
  0:00:15.134   134M / 139M  INFO   Hamming Subclustering    (kmer_cluster.cpp          : 655)     Average number of sub-clusters per non-singleton cluster: 1.00135
  0:00:15.134   134M / 139M  INFO   Hamming Subclustering    (kmer_cluster.cpp          : 656)     Total solid k-mers: 462321
  0:00:15.135   134M / 139M  INFO   Hamming Subclustering    (kmer_cluster.cpp          : 657)     Substitution probabilities: [4,4]((0.951385,0.0161484,0.0162882,0.016178),(0.0161004,0.951672,0.0161464,0.0160814),(0.0160803,0.0161432,0.951675,0.0161019),(0.0161751,0.0162854,0.0161462,0.951393))
  0:00:15.136   134M / 134M  INFO    General                 (main.cpp                  : 178)   Finished clustering.
  0:00:15.136   134M / 134M  INFO    General                 (main.cpp                  : 197)   Starting solid k-mers expansion in 4 threads.
  0:00:16.072   114M / 115M  INFO    General                 (main.cpp                  : 218)   Solid k-mers iteration 0 produced 74 new k-mers.
  0:00:16.990   114M / 115M  INFO    General                 (main.cpp                  : 218)   Solid k-mers iteration 1 produced 0 new k-mers.
  0:00:16.991   114M / 115M  INFO    General                 (main.cpp                  : 222)   Solid k-mers finalized
  0:00:16.991   114M / 115M  INFO    General                 (hammer_tools.cpp          : 222)   Starting read correction in 4 threads.
  0:00:16.991   114M / 115M  INFO    General                 (hammer_tools.cpp          : 235)   Correcting pair of reads: /Users/cmdb/qbb2020-answers/week_1_homework/Question3/frag180.1.fq and /Users/cmdb/qbb2020-answers/week_1_homework/Question3/frag180.2.fq
  0:00:17.129   210M / 210M  INFO    General                 (hammer_tools.cpp          : 170)   Prepared batch 0 of 35178 reads.
  0:00:17.975   210M / 210M  INFO    General                 (hammer_tools.cpp          : 177)   Processed batch 0
  0:00:18.047   210M / 210M  INFO    General                 (hammer_tools.cpp          : 187)   Written batch 0
  0:00:18.063   130M / 130M  INFO    General                 (hammer_tools.cpp          : 235)   Correcting pair of reads: /Users/cmdb/qbb2020-answers/week_1_homework/Question3/jump2k.1.fq and /Users/cmdb/qbb2020-answers/week_1_homework/Question3/jump2k.2.fq
  0:00:18.216   221M / 221M  INFO    General                 (hammer_tools.cpp          : 170)   Prepared batch 0 of 70355 reads.
  0:00:18.809   221M / 221M  INFO    General                 (hammer_tools.cpp          : 177)   Processed batch 0
  0:00:18.948   221M / 221M  INFO    General                 (hammer_tools.cpp          : 187)   Written batch 0
  0:00:18.991   141M / 141M  INFO    General                 (hammer_tools.cpp          : 276)   Correction done. Changed 96325 bases in 77238 reads.
  0:00:18.991   141M / 141M  INFO    General                 (hammer_tools.cpp          : 277)   Failed to correct 0 bases out of 14071100.
  0:00:19.006    33M / 34M   INFO    General                 (main.cpp                  : 255)   Saving corrected dataset description to /Users/cmdb/qbb2020-answers/week_1_homework/Question3/asm/corrected/corrected.yaml
  0:00:19.010    33M / 34M   INFO    General                 (main.cpp                  : 262)   All done. Exiting.

===== Read error correction finished. 


===== corrected reads compression started. 


== Running: /Users/cmdb/miniconda3/envs/cmdb/bin/python /Users/cmdb/miniconda3/envs/cmdb/share/spades/spades_pipeline/scripts/compress_all.py --input_file /Users/cmdb/qbb2020-answers/week_1_homework/Question3/asm/corrected/corrected.yaml --ext_python_modules_home /Users/cmdb/miniconda3/envs/cmdb/share/spades --max_threads 4 --output_dir /Users/cmdb/qbb2020-answers/week_1_homework/Question3/asm/corrected --gzip_output

== Compressing corrected reads (with gzip)
== Files to compress: ['/Users/cmdb/qbb2020-answers/week_1_homework/Question3/asm/corrected/frag180.1.00.0_0.cor.fastq', '/Users/cmdb/qbb2020-answers/week_1_homework/Question3/asm/corrected/frag180.2.00.0_0.cor.fastq', '/Users/cmdb/qbb2020-answers/week_1_homework/Question3/asm/corrected/frag180._unpaired.00.0_0.cor.fastq', '/Users/cmdb/qbb2020-answers/week_1_homework/Question3/asm/corrected/jump2k.1.00.1_0.cor.fastq', '/Users/cmdb/qbb2020-answers/week_1_homework/Question3/asm/corrected/jump2k.2.00.1_0.cor.fastq', '/Users/cmdb/qbb2020-answers/week_1_homework/Question3/asm/corrected/jump2k._unpaired.00.1_0.cor.fastq']
== Files compression is finished
== Dataset yaml file is updated

===== corrected reads compression finished. 


===== Read error correction finished. 


===== Assembling started. 


===== K31 started. 


== Running: /Users/cmdb/miniconda3/envs/cmdb/bin/spades-core /Users/cmdb/qbb2020-answers/week_1_homework/Question3/asm/K31/configs/config.info

WARNING: Try to use logger before create one. Level=INFO. Message=Additional contigs is tmp_contigs.fasta
  0:00:00.000     3M / 3M    INFO    General                 (main.cpp                  :  75)   Loaded config from /Users/cmdb/qbb2020-answers/week_1_homework/Question3/asm/K31/configs/config.info
  0:00:00.000     3M / 3M    INFO    General                 (memory_limit.cpp          :  49)   Memory limit set to 250 Gb
  0:00:00.000     3M / 3M    INFO    General                 (main.cpp                  :  85)   Starting SPAdes, built from refs/heads/pull/23796, git revision 27d2cb2ff888acc9d29b2e8b32290136a0b283e2
  0:00:00.000     3M / 3M    INFO    General                 (main.cpp                  :  86)   Maximum k-mer length: 128
  0:00:00.000     3M / 3M    INFO    General                 (main.cpp                  :  87)   Assembling dataset (/Users/cmdb/qbb2020-answers/week_1_homework/Question3/asm/dataset.info) with K=31
  0:00:00.000     3M / 3M    INFO    General                 (main.cpp                  :  88)   Maximum # of threads to use (adjusted due to OMP capabilities): 4
  0:00:00.000     3M / 3M    INFO    General                 (pipeline.cpp              : 194)   SPAdes started
  0:00:00.000     3M / 3M    INFO    General                 (pipeline.cpp              : 201)   Starting from stage: read_conversion
  0:00:00.000     3M / 3M    INFO    General                 (pipeline.cpp              : 207)   Two-step RR enabled: 0
  0:00:00.000     3M / 3M    INFO    General                 (pipeline.cpp              : 218)   Will need read mapping, kmer mapper will be attached
  0:00:00.000     3M / 3M    INFO   StageManager             (stage.cpp                 : 166)   STAGE == Binary Read Conversion
  0:00:00.002     3M / 3M    INFO    General                 (read_converter.cpp        :  72)   Converting reads to binary format for library #0 (takes a while)
  0:00:00.002     3M / 4M    INFO    General                 (read_converter.cpp        :  73)   Converting paired reads
  0:00:00.227    71M / 71M   INFO    General                 (binary_converter.cpp      :  96)   16384 reads processed
  0:00:00.261    71M / 71M   INFO    General                 (binary_converter.cpp      :  96)   32768 reads processed
  0:00:00.364    71M / 71M   INFO    General                 (binary_converter.cpp      : 111)   35175 reads written
  0:00:00.364    51M / 51M   INFO    General                 (read_converter.cpp        :  81)   Converting single reads
  0:00:00.367    75M / 75M   INFO    General                 (binary_converter.cpp      : 111)   3 reads written
  0:00:00.367    75M / 75M   INFO    General                 (read_converter.cpp        :  87)   Converting merged reads
  0:00:00.368    75M / 75M   INFO    General                 (binary_converter.cpp      : 111)   0 reads written
  0:00:00.372    23M / 23M   INFO    General                 (read_converter.cpp        :  72)   Converting reads to binary format for library #1 (takes a while)
  0:00:00.372    23M / 23M   INFO    General                 (read_converter.cpp        :  73)   Converting paired reads
  0:00:00.625    85M / 85M   INFO    General                 (binary_converter.cpp      :  96)   16384 reads processed
  0:00:00.654    85M / 85M   INFO    General                 (binary_converter.cpp      :  96)   32768 reads processed
  0:00:00.712    85M / 85M   INFO    General                 (binary_converter.cpp      :  96)   65536 reads processed
  0:00:00.803    85M / 85M   INFO    General                 (binary_converter.cpp      : 111)   69457 reads written
  0:00:00.803    65M / 65M   INFO    General                 (read_converter.cpp        :  81)   Converting single reads
  0:00:00.809    85M / 85M   INFO    General                 (binary_converter.cpp      : 111)   896 reads written
  0:00:00.809    85M / 85M   INFO    General                 (read_converter.cpp        :  87)   Converting merged reads
  0:00:00.810    85M / 85M   INFO    General                 (binary_converter.cpp      : 111)   0 reads written
  0:00:00.816     8M / 8M    INFO   StageManager             (stage.cpp                 : 166)   STAGE == de Bruijn graph construction
  0:00:00.821     8M / 8M    INFO    General                 (construction.cpp          : 150)   Max read length 100
  0:00:00.821     8M / 8M    INFO    General                 (construction.cpp          : 156)   Average read length 100
  0:00:00.821     8M / 8M    INFO    General                 (stage.cpp                 : 113)   PROCEDURE == k+1-mer counting
  0:00:00.822     8M / 8M    INFO    General                 (kmer_index_builder.hpp    : 117)   Splitting kmer instances into 16 files using 4 threads. This might take a while.
  0:00:00.822     8M / 8M    INFO    General                 (file_limit.hpp            :  32)   Open file limit set to 4096
  0:00:00.823     8M / 8M    INFO    General                 (kmer_splitters.hpp        :  89)   Memory available for splitting buffers: 20.8333 Gb
  0:00:00.823     8M / 8M    INFO    General                 (kmer_splitters.hpp        :  97)   Using cell size of 4194304
  0:00:01.194     8M / 59M   INFO    General                 (kmer_splitters.hpp        : 287)   Processed 140706 reads
  0:00:01.260     8M / 15M   INFO    General                 (kmer_splitters.hpp        : 293)   Used 140706 reads
  0:00:01.260     8M / 15M   INFO    General                 (kmer_index_builder.hpp    : 120)   Starting k-mer counting.
  0:00:01.301     8M / 13M   INFO    General                 (kmer_index_builder.hpp    : 127)   K-mer counting done. There are 283856 kmers in total.
  0:00:01.301     8M / 13M   INFO    General                 (kmer_index_builder.hpp    : 133)   Merging temporary buckets.
  0:00:01.329     8M / 13M   INFO    General                 (stage.cpp                 : 113)   PROCEDURE == Extension index construction
  0:00:01.331     8M / 13M   INFO   K-mer Index Building     (kmer_index_builder.hpp    : 301)   Building kmer index
  0:00:01.331     8M / 13M   INFO    General                 (kmer_index_builder.hpp    : 117)   Splitting kmer instances into 64 files using 4 threads. This might take a while.
  0:00:01.335     8M / 13M   INFO    General                 (file_limit.hpp            :  32)   Open file limit set to 4096
  0:00:01.337     8M / 13M   INFO    General                 (kmer_splitters.hpp        :  89)   Memory available for splitting buffers: 20.8333 Gb
  0:00:01.337     8M / 13M   INFO    General                 (kmer_splitters.hpp        :  97)   Using cell size of 1048576
  0:00:01.621     8M / 17M   INFO    General                 (kmer_splitters.hpp        : 364)   Processed 283856 kmers
  0:00:01.621     8M / 17M   INFO    General                 (kmer_splitters.hpp        : 369)   Used 283856 kmers.
  0:00:01.632     8M / 8M    INFO    General                 (kmer_index_builder.hpp    : 120)   Starting k-mer counting.
  0:00:01.774     8M / 8M    INFO    General                 (kmer_index_builder.hpp    : 127)   K-mer counting done. There are 283756 kmers in total.
  0:00:01.774     8M / 8M    INFO    General                 (kmer_index_builder.hpp    : 133)   Merging temporary buckets.
  0:00:01.828     8M / 8M    INFO   K-mer Index Building     (kmer_index_builder.hpp    : 314)   Building perfect hash indices
  0:00:01.883     6M / 6M    INFO    General                 (kmer_index_builder.hpp    : 150)   Merging final buckets.
  0:00:01.908     6M / 6M    INFO   K-mer Index Building     (kmer_index_builder.hpp    : 336)   Index built. Total 140264 bytes occupied (3.9545 bits per kmer).
  0:00:01.909     6M / 7M    INFO   DeBruijnExtensionIndexBu (kmer_extension_index_build:  99)   Building k-mer extensions from k+1-mers
  0:00:01.962     6M / 7M    INFO   DeBruijnExtensionIndexBu (kmer_extension_index_build: 103)   Building k-mer extensions from k+1-mers finished.
  0:00:01.962     6M / 7M    INFO    General                 (stage.cpp                 : 113)   PROCEDURE == Condensing graph
  0:00:01.967     6M / 7M    INFO   UnbranchingPathExtractor (debruijn_graph_constructor: 354)   Extracting unbranching paths
  0:00:02.027     7M / 10M   INFO   UnbranchingPathExtractor (debruijn_graph_constructor: 373)   Extracting unbranching paths finished. 8952 sequences extracted
  0:00:02.068     8M / 8M    INFO   UnbranchingPathExtractor (debruijn_graph_constructor: 309)   Collecting perfect loops
  0:00:02.092     8M / 10M   INFO   UnbranchingPathExtractor (debruijn_graph_constructor: 342)   Collecting perfect loops finished. 0 loops collected
  0:00:02.107     9M / 10M   INFO    General                 (stage.cpp                 : 113)   PROCEDURE == Filling coverage indices (PHM)
  0:00:02.107     9M / 10M   INFO   K-mer Index Building     (kmer_index_builder.hpp    : 301)   Building kmer index
  0:00:02.107     9M / 10M   INFO   K-mer Index Building     (kmer_index_builder.hpp    : 314)   Building perfect hash indices
  0:00:02.142     9M / 10M   INFO   K-mer Index Building     (kmer_index_builder.hpp    : 336)   Index built. Total 133760 bytes occupied (3.7698 bits per kmer).
  0:00:02.143    11M / 11M   INFO    General                 (construction.cpp          : 429)   Collecting k-mer coverage information from reads, this takes a while.
  0:00:02.450    11M / 11M   INFO    General                 (construction.cpp          : 549)   Filling coverage and flanking coverage from PHM
  0:00:02.495    11M / 11M   INFO    General                 (construction.cpp          : 505)   Processed 17904 edges
  0:00:02.497    11M / 11M   INFO   StageManager             (stage.cpp                 : 166)   STAGE == EC Threshold Finding
  0:00:02.497    11M / 11M   INFO    General                 (kmer_coverage_model.cpp   : 181)   Kmer coverage valley at: 2
  0:00:02.497    11M / 11M   INFO    General                 (kmer_coverage_model.cpp   : 201)   K-mer histogram maximum: 19
  0:00:02.497    11M / 11M   INFO    General                 (kmer_coverage_model.cpp   : 237)   Estimated median coverage: 20. Coverage mad: 5.9304
  0:00:02.497    11M / 11M   INFO    General                 (kmer_coverage_model.cpp   : 259)   Fitting coverage model
  0:00:02.502    11M / 11M   INFO    General                 (kmer_coverage_model.cpp   : 295)   ... iteration 2
  0:00:02.512    11M / 11M   INFO    General                 (kmer_coverage_model.cpp   : 295)   ... iteration 4
  0:00:02.549    11M / 11M   INFO    General                 (kmer_coverage_model.cpp   : 295)   ... iteration 8
  0:00:02.618    11M / 11M   INFO    General                 (kmer_coverage_model.cpp   : 295)   ... iteration 16
  0:00:02.625    11M / 11M   INFO    General                 (kmer_coverage_model.cpp   : 309)   Fitted mean coverage: 20.5224. Fitted coverage std. dev: 4.66048
  0:00:02.626    11M / 11M   INFO    General                 (kmer_coverage_model.cpp   : 334)   Probability of erroneous kmer at valley: 0.866212
  0:00:02.626    11M / 11M   INFO    General                 (kmer_coverage_model.cpp   : 358)   Preliminary threshold calculated as: 7
  0:00:02.626    11M / 11M   INFO    General                 (kmer_coverage_model.cpp   : 362)   Threshold adjusted to: 7
  0:00:02.626    11M / 11M   INFO    General                 (kmer_coverage_model.cpp   : 375)   Estimated genome size (ignoring repeats): 233946
  0:00:02.626    11M / 11M   INFO    General                 (genomic_info_filler.cpp   :  53)   Mean coverage was calculated as 20.5224
  0:00:02.626    11M / 11M   INFO    General                 (genomic_info_filler.cpp   :  68)   EC coverage threshold value was calculated as 7
  0:00:02.627    11M / 11M   INFO    General                 (genomic_info_filler.cpp   :  69)   Trusted kmer low bound: 0
  0:00:02.627    11M / 11M   INFO   StageManager             (stage.cpp                 : 166)   STAGE == Gap Closer
  0:00:02.627    11M / 11M   INFO    General                 (graph_pack.hpp            : 105)   Index refill
  0:00:02.628    11M / 11M   INFO   K-mer Index Building     (kmer_index_builder.hpp    : 301)   Building kmer index
  0:00:02.628    11M / 11M   INFO    General                 (kmer_index_builder.hpp    : 117)   Splitting kmer instances into 64 files using 4 threads. This might take a while.
  0:00:02.628    11M / 11M   INFO    General                 (file_limit.hpp            :  32)   Open file limit set to 4096
  0:00:02.629    11M / 11M   INFO    General                 (kmer_splitters.hpp        :  89)   Memory available for splitting buffers: 20.833 Gb
  0:00:02.629    11M / 11M   INFO    General                 (kmer_splitters.hpp        :  97)   Using cell size of 1048576
  0:00:02.918    11M / 14M   INFO    General                 (edge_index_builders.hpp   :  77)   Processed 17904 edges
  0:00:02.918    11M / 14M   INFO    General                 (edge_index_builders.hpp   :  82)   Used 17904 sequences.
  0:00:02.929    11M / 11M   INFO    General                 (kmer_index_builder.hpp    : 120)   Starting k-mer counting.
  0:00:03.036    11M / 11M   INFO    General                 (kmer_index_builder.hpp    : 127)   K-mer counting done. There are 283856 kmers in total.
  0:00:03.036    11M / 11M   INFO    General                 (kmer_index_builder.hpp    : 133)   Merging temporary buckets.
  0:00:03.128    11M / 11M   INFO   K-mer Index Building     (kmer_index_builder.hpp    : 314)   Building perfect hash indices
  0:00:03.173    11M / 11M   INFO    General                 (kmer_index_builder.hpp    : 150)   Merging final buckets.
  0:00:03.188    11M / 11M   INFO   K-mer Index Building     (kmer_index_builder.hpp    : 336)   Index built. Total 140288 bytes occupied (3.95378 bits per kmer).
  0:00:03.191    16M / 16M   INFO    General                 (edge_index_builders.hpp   : 107)   Collecting edge information from graph, this takes a while.
  0:00:03.219    16M / 16M   INFO    General                 (edge_index.hpp            :  92)   Index refilled
  0:00:03.227    16M / 16M   INFO    General                 (gap_closer.cpp            : 147)   Preparing shift maps
  0:00:03.233    16M / 16M   INFO    General                 (gap_closer.cpp            : 107)   Processing paired reads (takes a while)
  0:00:03.371    16M / 16M   INFO    General                 (gap_closer.cpp            : 126)   Used 35175 paired reads
  0:00:03.371    16M / 16M   INFO    General                 (gap_closer.cpp            : 128)   Merging paired indices
  0:00:03.372    16M / 16M   INFO   GapCloser                (gap_closer.cpp            : 332)   Closing short gaps
  0:00:03.378    16M / 16M   INFO   GapCloser                (gap_closer.cpp            : 366)   Closing short gaps complete: filled 0 gaps after checking 2 candidates
  0:00:03.378    16M / 16M   INFO   StageManager             (stage.cpp                 : 166)   STAGE == Raw Simplification
  0:00:03.378    16M / 16M   INFO    General                 (simplification.cpp        : 128)   PROCEDURE == InitialCleaning
  0:00:03.379    16M / 16M   INFO    General                 (graph_simplification.hpp  : 671)   Flanking coverage based disconnection disabled
  0:00:03.379    16M / 16M   INFO   Simplification           (parallel_processing.hpp   : 165)   Running Self conjugate edge remover
  0:00:03.380    16M / 16M   INFO   Simplification           (parallel_processing.hpp   : 167)   Self conjugate edge remover triggered 0 times
  0:00:03.380    16M / 16M   INFO   Simplification           (parallel_processing.hpp   : 165)   Running Initial tip clipper
  0:00:03.425    14M / 15M   INFO   Simplification           (parallel_processing.hpp   : 167)   Initial tip clipper triggered 4334 times
  0:00:03.426    14M / 15M   INFO   Simplification           (parallel_processing.hpp   : 165)   Running Initial ec remover
  0:00:03.432    14M / 15M   INFO   Simplification           (parallel_processing.hpp   : 167)   Initial ec remover triggered 69 times
  0:00:03.433    14M / 15M   INFO   Simplification           (parallel_processing.hpp   : 165)   Running Initial isolated edge remover
  0:00:03.433    14M / 15M   INFO   Simplification           (parallel_processing.hpp   : 167)   Initial isolated edge remover triggered 0 times
  0:00:03.433    14M / 15M   INFO   StageManager             (stage.cpp                 : 166)   STAGE == Simplification
  0:00:03.433    14M / 15M   INFO    General                 (simplification.cpp        : 383)   Graph simplification started
  0:00:03.434    14M / 15M   INFO    General                 (graph_simplification.hpp  : 643)   Creating parallel br instance
  0:00:03.434    14M / 15M   INFO    General                 (simplification.cpp        : 388)   PROCEDURE == Simplification cycle, iteration 1
  0:00:03.434    14M / 15M   INFO   Simplification           (parallel_processing.hpp   : 165)   Running Tip clipper
  0:00:03.434    14M / 15M   INFO   Simplification           (parallel_processing.hpp   : 167)   Tip clipper triggered 0 times
  0:00:03.435    14M / 15M   INFO   Simplification           (parallel_processing.hpp   : 165)   Running Bulge remover
  0:00:03.448    15M / 16M   INFO   Simplification           (parallel_processing.hpp   : 167)   Bulge remover triggered 34 times
  0:00:03.448    15M / 16M   INFO   Simplification           (parallel_processing.hpp   : 165)   Running Low coverage edge remover
  0:00:03.449    15M / 16M   INFO   Simplification           (parallel_processing.hpp   : 167)   Low coverage edge remover triggered 0 times
  0:00:03.449    15M / 16M   INFO    General                 (simplification.cpp        : 388)   PROCEDURE == Simplification cycle, iteration 2
  0:00:03.449    15M / 16M   INFO   Simplification           (parallel_processing.hpp   : 165)   Running Tip clipper
  0:00:03.449    15M / 16M   INFO   Simplification           (parallel_processing.hpp   : 167)   Tip clipper triggered 0 times
  0:00:03.450    15M / 16M   INFO   Simplification           (parallel_processing.hpp   : 165)   Running Bulge remover
  0:00:03.450    15M / 16M   INFO   Simplification           (parallel_processing.hpp   : 167)   Bulge remover triggered 0 times
  0:00:03.450    15M / 16M   INFO   Simplification           (parallel_processing.hpp   : 165)   Running Low coverage edge remover
  0:00:03.450    15M / 16M   INFO   Simplification           (parallel_processing.hpp   : 167)   Low coverage edge remover triggered 0 times
  0:00:03.450    15M / 16M   INFO    General                 (simplification.cpp        : 388)   PROCEDURE == Simplification cycle, iteration 3
  0:00:03.450    15M / 16M   INFO   Simplification           (parallel_processing.hpp   : 165)   Running Tip clipper
  0:00:03.451    15M / 16M   INFO   Simplification           (parallel_processing.hpp   : 167)   Tip clipper triggered 0 times
  0:00:03.451    15M / 16M   INFO   Simplification           (parallel_processing.hpp   : 165)   Running Bulge remover
  0:00:03.451    15M / 16M   INFO   Simplification           (parallel_processing.hpp   : 167)   Bulge remover triggered 0 times
  0:00:03.451    15M / 16M   INFO   Simplification           (parallel_processing.hpp   : 165)   Running Low coverage edge remover
  0:00:03.451    15M / 16M   INFO   Simplification           (parallel_processing.hpp   : 167)   Low coverage edge remover triggered 0 times
  0:00:03.452    15M / 16M   INFO    General                 (simplification.cpp        : 388)   PROCEDURE == Simplification cycle, iteration 4
  0:00:03.452    15M / 16M   INFO   Simplification           (parallel_processing.hpp   : 165)   Running Tip clipper
  0:00:03.452    15M / 16M   INFO   Simplification           (parallel_processing.hpp   : 167)   Tip clipper triggered 0 times
  0:00:03.452    15M / 16M   INFO   Simplification           (parallel_processing.hpp   : 165)   Running Bulge remover
  0:00:03.452    15M / 16M   INFO   Simplification           (parallel_processing.hpp   : 167)   Bulge remover triggered 0 times
  0:00:03.454    15M / 16M   INFO   Simplification           (parallel_processing.hpp   : 165)   Running Low coverage edge remover
  0:00:03.454    15M / 16M   INFO   Simplification           (parallel_processing.hpp   : 167)   Low coverage edge remover triggered 0 times
  0:00:03.454    15M / 16M   INFO    General                 (simplification.cpp        : 388)   PROCEDURE == Simplification cycle, iteration 5
  0:00:03.455    15M / 16M   INFO   Simplification           (parallel_processing.hpp   : 165)   Running Tip clipper
  0:00:03.455    15M / 16M   INFO   Simplification           (parallel_processing.hpp   : 167)   Tip clipper triggered 0 times
  0:00:03.455    15M / 16M   INFO   Simplification           (parallel_processing.hpp   : 165)   Running Bulge remover
  0:00:03.456    15M / 16M   INFO   Simplification           (parallel_processing.hpp   : 167)   Bulge remover triggered 0 times
  0:00:03.456    15M / 16M   INFO   Simplification           (parallel_processing.hpp   : 165)   Running Low coverage edge remover
  0:00:03.456    15M / 16M   INFO   Simplification           (parallel_processing.hpp   : 167)   Low coverage edge remover triggered 0 times
  0:00:03.456    15M / 16M   INFO    General                 (simplification.cpp        : 388)   PROCEDURE == Simplification cycle, iteration 6
  0:00:03.456    15M / 16M   INFO   Simplification           (parallel_processing.hpp   : 165)   Running Tip clipper
  0:00:03.456    15M / 16M   INFO   Simplification           (parallel_processing.hpp   : 167)   Tip clipper triggered 0 times
  0:00:03.457    15M / 16M   INFO   Simplification           (parallel_processing.hpp   : 165)   Running Bulge remover
  0:00:03.457    15M / 16M   INFO   Simplification           (parallel_processing.hpp   : 167)   Bulge remover triggered 0 times
  0:00:03.457    15M / 16M   INFO   Simplification           (parallel_processing.hpp   : 165)   Running Low coverage edge remover
  0:00:03.457    15M / 16M   INFO   Simplification           (parallel_processing.hpp   : 167)   Low coverage edge remover triggered 0 times
  0:00:03.457    15M / 16M   INFO    General                 (simplification.cpp        : 388)   PROCEDURE == Simplification cycle, iteration 7
  0:00:03.458    15M / 16M   INFO   Simplification           (parallel_processing.hpp   : 165)   Running Tip clipper
  0:00:03.458    15M / 16M   INFO   Simplification           (parallel_processing.hpp   : 167)   Tip clipper triggered 0 times
  0:00:03.458    15M / 16M   INFO   Simplification           (parallel_processing.hpp   : 165)   Running Bulge remover
  0:00:03.458    15M / 16M   INFO   Simplification           (parallel_processing.hpp   : 167)   Bulge remover triggered 0 times
  0:00:03.459    15M / 16M   INFO   Simplification           (parallel_processing.hpp   : 165)   Running Low coverage edge remover
  0:00:03.459    15M / 16M   INFO   Simplification           (parallel_processing.hpp   : 167)   Low coverage edge remover triggered 0 times
  0:00:03.459    15M / 16M   INFO    General                 (simplification.cpp        : 388)   PROCEDURE == Simplification cycle, iteration 8
  0:00:03.459    15M / 16M   INFO   Simplification           (parallel_processing.hpp   : 165)   Running Tip clipper
  0:00:03.459    15M / 16M   INFO   Simplification           (parallel_processing.hpp   : 167)   Tip clipper triggered 0 times
  0:00:03.460    15M / 16M   INFO   Simplification           (parallel_processing.hpp   : 165)   Running Bulge remover
  0:00:03.460    15M / 16M   INFO   Simplification           (parallel_processing.hpp   : 167)   Bulge remover triggered 0 times
  0:00:03.460    15M / 16M   INFO   Simplification           (parallel_processing.hpp   : 165)   Running Low coverage edge remover
  0:00:03.460    15M / 16M   INFO   Simplification           (parallel_processing.hpp   : 167)   Low coverage edge remover triggered 0 times
  0:00:03.460    15M / 16M   INFO    General                 (simplification.cpp        : 388)   PROCEDURE == Simplification cycle, iteration 9
  0:00:03.460    15M / 16M   INFO   Simplification           (parallel_processing.hpp   : 165)   Running Tip clipper
  0:00:03.461    15M / 16M   INFO   Simplification           (parallel_processing.hpp   : 167)   Tip clipper triggered 0 times
  0:00:03.461    15M / 16M   INFO   Simplification           (parallel_processing.hpp   : 165)   Running Bulge remover
  0:00:03.467    15M / 16M   INFO   Simplification           (parallel_processing.hpp   : 167)   Bulge remover triggered 0 times
  0:00:03.467    15M / 16M   INFO   Simplification           (parallel_processing.hpp   : 165)   Running Low coverage edge remover
  0:00:03.467    15M / 16M   INFO   Simplification           (parallel_processing.hpp   : 167)   Low coverage edge remover triggered 0 times
  0:00:03.468    15M / 16M   INFO    General                 (simplification.cpp        : 388)   PROCEDURE == Simplification cycle, iteration 10
  0:00:03.468    15M / 16M   INFO   Simplification           (parallel_processing.hpp   : 165)   Running Tip clipper
  0:00:03.468    15M / 16M   INFO   Simplification           (parallel_processing.hpp   : 167)   Tip clipper triggered 0 times
  0:00:03.478    15M / 16M   INFO   Simplification           (parallel_processing.hpp   : 165)   Running Bulge remover
  0:00:03.478    15M / 16M   INFO   Simplification           (parallel_processing.hpp   : 167)   Bulge remover triggered 0 times
  0:00:03.478    15M / 16M   INFO   Simplification           (parallel_processing.hpp   : 165)   Running Low coverage edge remover
  0:00:03.478    15M / 16M   INFO   Simplification           (parallel_processing.hpp   : 167)   Low coverage edge remover triggered 0 times
  0:00:03.478    15M / 16M   INFO    General                 (simplification.cpp        : 388)   PROCEDURE == Simplification cycle, iteration 11
  0:00:03.478    15M / 16M   INFO   Simplification           (parallel_processing.hpp   : 165)   Running Tip clipper
  0:00:03.479    15M / 16M   INFO   Simplification           (parallel_processing.hpp   : 167)   Tip clipper triggered 0 times
  0:00:03.480    15M / 16M   INFO   Simplification           (parallel_processing.hpp   : 165)   Running Bulge remover
  0:00:03.480    15M / 16M   INFO   Simplification           (parallel_processing.hpp   : 167)   Bulge remover triggered 0 times
  0:00:03.481    15M / 16M   INFO   Simplification           (parallel_processing.hpp   : 165)   Running Low coverage edge remover
  0:00:03.487    15M / 16M   INFO   Simplification           (parallel_processing.hpp   : 167)   Low coverage edge remover triggered 0 times
  0:00:03.487    15M / 16M   INFO   StageManager             (stage.cpp                 : 166)   STAGE == Gap Closer
  0:00:03.487    15M / 16M   INFO    General                 (graph_pack.hpp            : 105)   Index refill
  0:00:03.489    15M / 16M   INFO   K-mer Index Building     (kmer_index_builder.hpp    : 301)   Building kmer index
  0:00:03.489    15M / 16M   INFO    General                 (kmer_index_builder.hpp    : 117)   Splitting kmer instances into 64 files using 4 threads. This might take a while.
  0:00:03.490    15M / 16M   INFO    General                 (file_limit.hpp            :  32)   Open file limit set to 4096
  0:00:03.490    15M / 16M   INFO    General                 (kmer_splitters.hpp        :  89)   Memory available for splitting buffers: 20.8331 Gb
  0:00:03.490    15M / 16M   INFO    General                 (kmer_splitters.hpp        :  97)   Using cell size of 1048576
  0:00:03.817    15M / 18M   INFO    General                 (edge_index_builders.hpp   :  82)   Used 14 sequences.
  0:00:03.826    15M / 16M   INFO    General                 (kmer_index_builder.hpp    : 120)   Starting k-mer counting.
  0:00:03.885    10M / 11M   INFO    General                 (kmer_index_builder.hpp    : 127)   K-mer counting done. There are 234289 kmers in total.
  0:00:03.885    10M / 11M   INFO    General                 (kmer_index_builder.hpp    : 133)   Merging temporary buckets.
  0:00:04.058    10M / 11M   INFO   K-mer Index Building     (kmer_index_builder.hpp    : 314)   Building perfect hash indices
  0:00:04.129    10M / 11M   INFO    General                 (kmer_index_builder.hpp    : 150)   Merging final buckets.
  0:00:04.153    10M / 11M   INFO   K-mer Index Building     (kmer_index_builder.hpp    : 336)   Index built. Total 117216 bytes occupied (4.00244 bits per kmer).
  0:00:04.158    14M / 15M   INFO    General                 (edge_index_builders.hpp   : 107)   Collecting edge information from graph, this takes a while.
  0:00:04.210    14M / 15M   INFO    General                 (edge_index.hpp            :  92)   Index refilled
  0:00:04.211    14M / 15M   INFO    General                 (gap_closer.cpp            : 147)   Preparing shift maps
  0:00:04.212    14M / 15M   INFO    General                 (gap_closer.cpp            : 107)   Processing paired reads (takes a while)
  0:00:04.328    14M / 15M   INFO    General                 (gap_closer.cpp            : 126)   Used 35175 paired reads
  0:00:04.328    14M / 15M   INFO    General                 (gap_closer.cpp            : 128)   Merging paired indices
  0:00:04.328    14M / 15M   INFO   GapCloser                (gap_closer.cpp            : 332)   Closing short gaps
  0:00:04.328    14M / 15M   INFO   GapCloser                (gap_closer.cpp            : 366)   Closing short gaps complete: filled 0 gaps after checking 0 candidates
  0:00:04.328    14M / 15M   INFO   StageManager             (stage.cpp                 : 166)   STAGE == Simplification Cleanup
  0:00:04.329    14M / 15M   INFO    General                 (simplification.cpp        : 196)   PROCEDURE == Post simplification
  0:00:04.329    14M / 15M   INFO    General                 (graph_simplification.hpp  : 456)   Disconnection of relatively low covered edges disabled
  0:00:04.329    14M / 15M   INFO    General                 (graph_simplification.hpp  : 493)   Complex tip clipping disabled
  0:00:04.329    14M / 15M   INFO    General                 (graph_simplification.hpp  : 643)   Creating parallel br instance
  0:00:04.329    14M / 15M   INFO   Simplification           (parallel_processing.hpp   : 165)   Running Tip clipper
  0:00:04.330    14M / 15M   INFO   Simplification           (parallel_processing.hpp   : 167)   Tip clipper triggered 0 times
  0:00:04.330    14M / 15M   INFO   Simplification           (parallel_processing.hpp   : 165)   Running Bulge remover
  0:00:04.330    14M / 15M   INFO   Simplification           (parallel_processing.hpp   : 167)   Bulge remover triggered 0 times
  0:00:04.330    14M / 15M   INFO   Simplification           (parallel_processing.hpp   : 165)   Running Tip clipper
  0:00:04.331    14M / 15M   INFO   Simplification           (parallel_processing.hpp   : 167)   Tip clipper triggered 0 times
  0:00:04.331    14M / 15M   INFO   Simplification           (parallel_processing.hpp   : 165)   Running Bulge remover
  0:00:04.331    14M / 15M   INFO   Simplification           (parallel_processing.hpp   : 167)   Bulge remover triggered 0 times
  0:00:04.332    14M / 15M   INFO    General                 (simplification.cpp        : 343)   Disrupting self-conjugate edges
  0:00:04.332    14M / 15M   INFO   Simplification           (parallel_processing.hpp   : 165)   Running Removing isolated edges
  0:00:04.332    14M / 15M   INFO   Simplification           (parallel_processing.hpp   : 167)   Removing isolated edges triggered 0 times
  0:00:04.332    14M / 15M   INFO    General                 (simplification.cpp        : 496)   Counting average coverage
  0:00:04.333    14M / 15M   INFO    General                 (simplification.cpp        : 502)   Average coverage = 20.5145
  0:00:04.333    14M / 15M   INFO   StageManager             (stage.cpp                 : 166)   STAGE == Mismatch Correction
  0:00:04.333    14M / 15M   INFO    General                 (graph_pack.hpp            : 113)   Normalizing k-mer map. Total 3136 kmers to process
  0:00:04.334    14M / 15M   INFO    General                 (graph_pack.hpp            : 115)   Normalizing done
  0:00:04.632    14M / 15M   INFO    General                 (mismatch_shall_not_pass.hp: 195)   Finished collecting potential mismatches positions
  0:00:04.635    14M / 15M   INFO    General                 (mismatch_shall_not_pass.hp: 310)   All edges processed
  0:00:04.635    14M / 15M   INFO    General                 (mismatch_correction.cpp   :  27)   Corrected 0 nucleotides
  0:00:04.636    14M / 15M   INFO   StageManager             (stage.cpp                 : 166)   STAGE == Contig Output
  0:00:04.636    14M / 15M   INFO    General                 (contig_output.hpp         :  21)   Outputting contigs to /Users/cmdb/qbb2020-answers/week_1_homework/Question3/asm/K31/before_rr.fasta
  0:00:04.642    14M / 15M   INFO    General                 (contig_output_stage.cpp   : 146)   Writing GFA graph to /Users/cmdb/qbb2020-answers/week_1_homework/Question3/asm/K31/assembly_graph_after_simplification.gfa
  0:00:04.649    14M / 15M   INFO   StageManager             (stage.cpp                 : 166)   STAGE == Paired Information Counting
  0:00:04.650    14M / 15M   INFO    General                 (graph_pack.hpp            : 113)   Normalizing k-mer map. Total 3136 kmers to process
  0:00:04.650    14M / 15M   INFO    General                 (graph_pack.hpp            : 115)   Normalizing done
  0:00:04.651    14M / 15M   INFO    General                 (pair_info_count.cpp       : 322)   Min edge length for estimation: 47830
  0:00:04.651    14M / 15M   INFO    General                 (pair_info_count.cpp       : 333)   Estimating insert size for library #0
  0:00:04.652    14M / 15M   INFO    General                 (pair_info_count.cpp       : 190)   Estimating insert size (takes a while)
  0:00:04.705    94M / 95M   INFO    General                 (pair_info_count.cpp       :  39)   Selecting usual mapper
  0:00:04.895    94M / 95M   INFO    General                 (sequence_mapper_notifier.h:  94)   Total 35175 reads processed
  0:00:04.985    94M / 95M   INFO    General                 (pair_info_count.cpp       : 208)   Edge pairs: 27
  0:00:04.985    94M / 95M   INFO    General                 (pair_info_count.cpp       : 212)   21085 paired reads (59.9431% of all) aligned to long edges
  0:00:04.990    14M / 15M   INFO    General                 (pair_info_count.cpp       : 356)     Insert size = 181.152, deviation = 19.8671, left quantile = 156, right quantile = 207, read length = 100
  0:00:04.990    14M / 15M   INFO    General                 (pair_info_count.cpp       : 373)   Filtering data for library #0
  0:00:04.992    14M / 15M   INFO    General                 (pair_info_count.cpp       :  39)   Selecting usual mapper
  0:00:05.134    14M / 15M   INFO    General                 (sequence_mapper_notifier.h:  94)   Total 35175 reads processed
  0:00:05.134    14M / 15M   INFO    General                 (pair_info_count.cpp       : 385)   Mapping library #0
  0:00:05.134    14M / 15M   INFO    General                 (pair_info_count.cpp       : 387)   Mapping paired reads (takes a while)
  0:00:05.134    14M / 15M   INFO    General                 (pair_info_count.cpp       : 288)   Left insert size quantile 156, right insert size quantile 207, filtering threshold 2, rounding threshold 0
  0:00:05.141    23M / 24M   INFO    General                 (pair_info_count.cpp       :  39)   Selecting usual mapper
  0:00:05.272    23M / 24M   INFO    General                 (sequence_mapper_notifier.h:  94)   Total 35175 reads processed
  0:00:05.276    14M / 15M   INFO    General                 (pair_info_count.cpp       : 333)   Estimating insert size for library #1
  0:00:05.276    14M / 15M   INFO    General                 (pair_info_count.cpp       : 190)   Estimating insert size (takes a while)
  0:00:05.316    94M / 95M   INFO    General                 (pair_info_count.cpp       :  30)   Mapping mate-pairs using BWA-mem mapper
  0:00:05.327    94M / 96M   INFO    General                 (bwa_index.cpp             : 173)   Using BWA IS algorithm
  0:00:06.340    94M / 98M   INFO    General                 (sequence_mapper_notifier.h:  94)   Total 69457 reads processed
  0:00:06.409    94M / 98M   INFO    General                 (pair_info_count.cpp       : 208)   Edge pairs: 29
  0:00:06.409    94M / 98M   INFO    General                 (pair_info_count.cpp       : 212)   40935 paired reads (58.9357% of all) aligned to long edges
  0:00:06.414    13M / 18M   INFO    General                 (pair_info_count.cpp       : 356)     Insert size = 2002.27, deviation = 200.457, left quantile = 1744, right quantile = 2258, read length = 50
  0:00:06.414    13M / 18M   INFO    General                 (pair_info_count.cpp       : 385)   Mapping library #1
  0:00:06.415    13M / 18M   INFO    General                 (pair_info_count.cpp       : 387)   Mapping paired reads (takes a while)
  0:00:06.415    13M / 18M   INFO    General                 (pair_info_count.cpp       : 288)   Left insert size quantile 1744, right insert size quantile 2258, filtering threshold 2, rounding threshold 0
  0:00:06.421    22M / 27M   INFO    General                 (pair_info_count.cpp       :  30)   Mapping mate-pairs using BWA-mem mapper
  0:00:06.429    22M / 27M   INFO    General                 (bwa_index.cpp             : 173)   Using BWA IS algorithm
  0:00:07.319    23M / 27M   INFO    General                 (sequence_mapper_notifier.h:  94)   Total 69457 reads processed
  0:00:07.323    14M / 18M   INFO   StageManager             (stage.cpp                 : 166)   STAGE == Distance Estimation
  0:00:07.323    14M / 18M   INFO    General                 (distance_estimation.cpp   : 174)   Processing library #0
  0:00:07.324    14M / 18M   INFO    General                 (distance_estimation.cpp   : 150)   Weight Filter Done
  0:00:07.324    14M / 18M   INFO   DistanceEstimator        (distance_estimation.hpp   : 116)   Using SIMPLE distance estimator
  0:00:07.325    14M / 18M   INFO    General                 (distance_estimation.cpp   :  35)   Filtering info
  0:00:07.325    14M / 18M   INFO    General                 (pair_info_filters.hpp     : 242)   Start filtering; index size: 26
  0:00:07.325    14M / 18M   INFO    General                 (pair_info_filters.hpp     : 263)   Done filtering
  0:00:07.325    14M / 18M   INFO    General                 (distance_estimation.cpp   : 157)   Refining clustered pair information
  0:00:07.325    14M / 18M   INFO    General                 (distance_estimation.cpp   : 159)   The refining of clustered pair information has been finished
  0:00:07.326    14M / 18M   INFO    General                 (distance_estimation.cpp   : 161)   Improving paired information
  0:00:07.326    14M / 18M   INFO   PairInfoImprover         (pair_info_improver.hpp    : 103)   Paired info stats: missing = 0; contradictional = 0
  0:00:07.327    14M / 18M   INFO   PairInfoImprover         (pair_info_improver.hpp    : 103)   Paired info stats: missing = 0; contradictional = 0
  0:00:07.327    14M / 18M   INFO    General                 (distance_estimation.cpp   : 104)   Filling scaffolding index
  0:00:07.327    14M / 18M   INFO   DistanceEstimator        (distance_estimation.hpp   : 116)   Using SMOOTHING distance estimator
  0:00:07.328    14M / 18M   INFO    General                 (distance_estimation.cpp   :  35)   Filtering info
  0:00:07.328    14M / 18M   INFO    General                 (pair_info_filters.hpp     : 242)   Start filtering; index size: 14
  0:00:07.328    14M / 18M   INFO    General                 (pair_info_filters.hpp     : 263)   Done filtering
  0:00:07.328    14M / 18M   INFO    General                 (distance_estimation.cpp   : 183)   Clearing raw paired index
  0:00:07.329    14M / 18M   INFO   StageManager             (stage.cpp                 : 166)   STAGE == Repeat Resolving
  0:00:07.329    14M / 18M   INFO    General                 (repeat_resolving.cpp      :  69)   Using Path-Extend repeat resolving
  0:00:07.329    14M / 18M   INFO    General                 (launcher.cpp              : 538)   ExSPAnder repeat resolving tool started
  0:00:07.330    14M / 18M   INFO    General                 (coverage_uniformity_analyz:  25)   genomic coverage is 20.5888 calculated of length 234235
  0:00:07.330    14M / 18M   INFO    General                 (launcher.cpp              : 180)   Autodetecting unique edge set parameters...
  0:00:07.330    14M / 18M   INFO    General                 (launcher.cpp              : 182)   Minimal unique edge length set to the smallest MP library IS: 2002
  0:00:07.331    14M / 18M   INFO    General                 (coverage_uniformity_analyz:  25)   genomic coverage is 20.5888 calculated of length 234235
  0:00:07.331    14M / 18M   INFO    General                 (launcher.cpp              : 188)   median coverage for edges longer than 2002 is 20.5888 uniformity 100%
  0:00:07.331    14M / 18M   INFO   ScaffoldingUniqueEdgeAna (scaff_supplementary.cpp   :  56)   With length cutoff: 2002, median long edge coverage: 20.6219, and maximal unique coverage: 0.5
  0:00:07.331    14M / 18M   INFO   ScaffoldingUniqueEdgeAna (scaff_supplementary.cpp   :  57)   Unique edges quantity: 12, unique edges length 468470, total edges length 468578
  0:00:07.332    14M / 18M   INFO    General                 (launcher.cpp              : 404)   Creating main extenders, unique edge length = 2002
  0:00:07.332    14M / 18M   INFO    General                 (extenders_logic.cpp       : 311)   Estimated coverage of library #0 is 20.5145
  0:00:07.332    14M / 18M   INFO    General                 (extenders_logic.cpp       : 311)   Estimated coverage of library #0 is 20.5145
  0:00:07.333    14M / 18M   INFO    General                 (extenders_logic.cpp       : 519)   Using 1 paired-end library
  0:00:07.333    14M / 18M   INFO    General                 (extenders_logic.cpp       : 520)   Using 1 paired-end scaffolding library
  0:00:07.333    14M / 18M   INFO    General                 (extenders_logic.cpp       : 521)   Using 0 single read libraries
  0:00:07.333    14M / 18M   INFO    General                 (launcher.cpp              : 323)   Will add extenders for length 1702
  0:00:07.333    14M / 18M   INFO   ScaffoldingUniqueEdgeAna (scaff_supplementary.cpp   :  56)   With length cutoff: 1702, median long edge coverage: 20.6219, and maximal unique coverage: 0.5
  0:00:07.334    14M / 18M   INFO   ScaffoldingUniqueEdgeAna (scaff_supplementary.cpp   :  57)   Unique edges quantity: 12, unique edges length 468470, total edges length 468578
  0:00:07.334    14M / 18M   INFO    General                 (launcher.cpp              : 323)   Will add extenders for length 1402
  0:00:07.334    14M / 18M   INFO   ScaffoldingUniqueEdgeAna (scaff_supplementary.cpp   :  56)   With length cutoff: 1402, median long edge coverage: 20.6219, and maximal unique coverage: 0.5
  0:00:07.334    14M / 18M   INFO   ScaffoldingUniqueEdgeAna (scaff_supplementary.cpp   :  57)   Unique edges quantity: 12, unique edges length 468470, total edges length 468578
  0:00:07.334    14M / 18M   INFO    General                 (launcher.cpp              : 323)   Will add extenders for length 1102
  0:00:07.335    14M / 18M   INFO   ScaffoldingUniqueEdgeAna (scaff_supplementary.cpp   :  56)   With length cutoff: 1102, median long edge coverage: 20.6219, and maximal unique coverage: 0.5
  0:00:07.335    14M / 18M   INFO   ScaffoldingUniqueEdgeAna (scaff_supplementary.cpp   :  57)   Unique edges quantity: 12, unique edges length 468470, total edges length 468578
  0:00:07.335    14M / 18M   INFO    General                 (launcher.cpp              : 323)   Will add extenders for length 802
  0:00:07.335    14M / 18M   INFO   ScaffoldingUniqueEdgeAna (scaff_supplementary.cpp   :  56)   With length cutoff: 802, median long edge coverage: 20.6219, and maximal unique coverage: 0.5
  0:00:07.335    14M / 18M   INFO   ScaffoldingUniqueEdgeAna (scaff_supplementary.cpp   :  57)   Unique edges quantity: 12, unique edges length 468470, total edges length 468578
  0:00:07.335    14M / 18M   INFO    General                 (launcher.cpp              : 323)   Will add extenders for length 502
  0:00:07.336    14M / 18M   INFO   ScaffoldingUniqueEdgeAna (scaff_supplementary.cpp   :  56)   With length cutoff: 502, median long edge coverage: 20.6219, and maximal unique coverage: 0.5
  0:00:07.336    14M / 18M   INFO   ScaffoldingUniqueEdgeAna (scaff_supplementary.cpp   :  57)   Unique edges quantity: 12, unique edges length 468470, total edges length 468578
  0:00:07.336    14M / 18M   INFO    General                 (launcher.cpp              : 328)   Will add final extenders for length 500
  0:00:07.336    14M / 18M   INFO   ScaffoldingUniqueEdgeAna (scaff_supplementary.cpp   :  56)   With length cutoff: 500, median long edge coverage: 20.6219, and maximal unique coverage: 0.5
  0:00:07.336    14M / 18M   INFO   ScaffoldingUniqueEdgeAna (scaff_supplementary.cpp   :  57)   Unique edges quantity: 12, unique edges length 468470, total edges length 468578
  0:00:07.337    14M / 18M   INFO    General                 (extenders_logic.cpp       : 187)   Creating Scaffolding 2015 extender for lib #1
  0:00:07.337    14M / 18M   INFO    General                 (extenders_logic.cpp       : 191)   Paired unclustered indices not empty, using them
  0:00:07.337    14M / 18M   INFO   ExtensionChooser2015     (extension_chooser2015.hpp :  51)   ExtensionChooser2015 created
  0:00:07.337    14M / 18M   INFO    General                 (extenders_logic.cpp       : 366)   Using 1 mate-pair library
  0:00:07.337    14M / 18M   INFO    General                 (extenders_logic.cpp       : 187)   Creating Scaffolding 2015 extender for lib #1
  0:00:07.338    14M / 18M   INFO    General                 (extenders_logic.cpp       : 191)   Paired unclustered indices not empty, using them
  0:00:07.338    14M / 18M   INFO   ExtensionChooser2015     (extension_chooser2015.hpp :  51)   ExtensionChooser2015 created
  0:00:07.338    14M / 18M   INFO    General                 (extenders_logic.cpp       : 187)   Creating Scaffolding 2015 extender for lib #1
  0:00:07.338    14M / 18M   INFO    General                 (extenders_logic.cpp       : 191)   Paired unclustered indices not empty, using them
  0:00:07.339    14M / 18M   INFO   ExtensionChooser2015     (extension_chooser2015.hpp :  51)   ExtensionChooser2015 created
  0:00:07.339    14M / 18M   INFO    General                 (extenders_logic.cpp       : 187)   Creating Scaffolding 2015 extender for lib #1
  0:00:07.339    14M / 18M   INFO    General                 (extenders_logic.cpp       : 191)   Paired unclustered indices not empty, using them
  0:00:07.339    14M / 18M   INFO   ExtensionChooser2015     (extension_chooser2015.hpp :  51)   ExtensionChooser2015 created
  0:00:07.340    14M / 18M   INFO    General                 (extenders_logic.cpp       : 187)   Creating Scaffolding 2015 extender for lib #1
  0:00:07.340    14M / 18M   INFO    General                 (extenders_logic.cpp       : 191)   Paired unclustered indices not empty, using them
  0:00:07.341    14M / 18M   INFO   ExtensionChooser2015     (extension_chooser2015.hpp :  51)   ExtensionChooser2015 created
  0:00:07.341    14M / 18M   INFO    General                 (extenders_logic.cpp       : 187)   Creating Scaffolding 2015 extender for lib #1
  0:00:07.341    14M / 18M   INFO    General                 (extenders_logic.cpp       : 191)   Paired unclustered indices not empty, using them
  0:00:07.341    14M / 18M   INFO   ExtensionChooser2015     (extension_chooser2015.hpp :  51)   ExtensionChooser2015 created
  0:00:07.342    14M / 18M   INFO    General                 (extenders_logic.cpp       : 187)   Creating Scaffolding 2015 extender for lib #1
  0:00:07.342    14M / 18M   INFO    General                 (extenders_logic.cpp       : 191)   Paired unclustered indices not empty, using them
  0:00:07.342    14M / 18M   INFO   ExtensionChooser2015     (extension_chooser2015.hpp :  51)   ExtensionChooser2015 created
  0:00:07.342    14M / 18M   INFO    General                 (launcher.cpp              : 432)   Total number of extenders is 10
  0:00:07.344    14M / 19M   INFO    General                 (launcher.cpp              : 244)   Finalizing paths
  0:00:07.345    14M / 19M   INFO    General                 (launcher.cpp              : 246)   Deduplicating paths
  0:00:07.346    14M / 19M   INFO    General                 (launcher.cpp              : 250)   Paths deduplicated
  0:00:07.346    14M / 19M   INFO   PEResolver               (pe_resolver.hpp           : 295)   Removing overlaps
  0:00:07.346    14M / 19M   INFO   PEResolver               (pe_resolver.hpp           : 298)   Sorting paths
  0:00:07.346    14M / 19M   INFO   PEResolver               (pe_resolver.hpp           : 305)   Marking overlaps
  0:00:07.346    14M / 19M   INFO   OverlapRemover           (pe_resolver.hpp           : 130)   Marking start/end overlaps
  0:00:07.346    14M / 19M   INFO   OverlapRemover           (pe_resolver.hpp           : 133)   Marking remaining overlaps
  0:00:07.347    14M / 19M   INFO   PEResolver               (pe_resolver.hpp           : 308)   Splitting paths
  0:00:07.348    14M / 19M   INFO   PEResolver               (pe_resolver.hpp           : 313)   Deduplicating paths
  0:00:07.348    14M / 19M   INFO   PEResolver               (pe_resolver.hpp           : 315)   Overlaps removed
  0:00:07.348    14M / 19M   INFO    General                 (launcher.cpp              : 267)   Paths finalized
  0:00:07.349    14M / 19M   INFO    General                 (launcher.cpp              : 439)   Closing gaps in paths
  0:00:07.349    14M / 19M   INFO    General                 (launcher.cpp              : 467)   Gap closing completed
  0:00:07.350    14M / 19M   INFO    General                 (launcher.cpp              : 296)   Traversing tandem repeats
  0:00:07.350    14M / 19M   INFO    General                 (launcher.cpp              : 306)   Traversed 0 loops
  0:00:07.350    14M / 19M   INFO    General                 (launcher.cpp              : 244)   Finalizing paths
  0:00:07.350    14M / 19M   INFO    General                 (launcher.cpp              : 246)   Deduplicating paths
  0:00:07.350    14M / 19M   INFO    General                 (launcher.cpp              : 250)   Paths deduplicated
  0:00:07.351    14M / 19M   INFO   PEResolver               (pe_resolver.hpp           : 295)   Removing overlaps
  0:00:07.351    14M / 19M   INFO   PEResolver               (pe_resolver.hpp           : 298)   Sorting paths
  0:00:07.351    14M / 19M   INFO   PEResolver               (pe_resolver.hpp           : 305)   Marking overlaps
  0:00:07.351    14M / 19M   INFO   OverlapRemover           (pe_resolver.hpp           : 130)   Marking start/end overlaps
  0:00:07.351    14M / 19M   INFO   OverlapRemover           (pe_resolver.hpp           : 133)   Marking remaining overlaps
  0:00:07.351    14M / 19M   INFO   PEResolver               (pe_resolver.hpp           : 308)   Splitting paths
  0:00:07.352    14M / 19M   INFO   PEResolver               (pe_resolver.hpp           : 313)   Deduplicating paths
  0:00:07.352    14M / 19M   INFO   PEResolver               (pe_resolver.hpp           : 315)   Overlaps removed
  0:00:07.352    14M / 19M   INFO    General                 (launcher.cpp              : 267)   Paths finalized
  0:00:07.352    14M / 19M   INFO    General                 (launcher.cpp              : 596)   ExSPAnder repeat resolving tool finished
  0:00:07.355    14M / 19M   INFO   StageManager             (stage.cpp                 : 166)   STAGE == Contig Output
  0:00:07.355    14M / 19M   INFO    General                 (contig_output.hpp         :  21)   Outputting contigs to /Users/cmdb/qbb2020-answers/week_1_homework/Question3/asm/K31/before_rr.fasta
  0:00:07.364    14M / 19M   INFO    General                 (contig_output_stage.cpp   : 146)   Writing GFA graph to /Users/cmdb/qbb2020-answers/week_1_homework/Question3/asm/K31/assembly_graph_with_scaffolds.gfa
  0:00:07.368    14M / 19M   INFO    General                 (contig_output_stage.cpp   : 160)   Outputting FastG graph to /Users/cmdb/qbb2020-answers/week_1_homework/Question3/asm/K31/assembly_graph.fastg
  0:00:07.385    14M / 19M   INFO    General                 (contig_output_stage.cpp   : 190)   Breaking scaffolds
  0:00:07.391    14M / 19M   INFO    General                 (contig_output_stage.cpp   :  95)   Outputting contigs to /Users/cmdb/qbb2020-answers/week_1_homework/Question3/asm/K31/final_contigs.fasta
  0:00:07.395    14M / 19M   INFO    General                 (contig_output_stage.cpp   : 101)   Outputting FastG paths to /Users/cmdb/qbb2020-answers/week_1_homework/Question3/asm/K31/final_contigs.paths
  0:00:07.401    15M / 19M   INFO    General                 (contig_output_stage.cpp   :  95)   Outputting contigs to /Users/cmdb/qbb2020-answers/week_1_homework/Question3/asm/K31/scaffolds.fasta
  0:00:07.404    15M / 20M   INFO    General                 (contig_output_stage.cpp   : 101)   Outputting FastG paths to /Users/cmdb/qbb2020-answers/week_1_homework/Question3/asm/K31/scaffolds.paths
  0:00:07.407    15M / 20M   INFO    General                 (contig_output_stage.cpp   : 108)   Populating GFA with scaffold paths
  0:00:07.414    15M / 20M   INFO    General                 (pipeline.cpp              : 259)   SPAdes finished
  0:00:07.419    15M / 20M   INFO    General                 (main.cpp                  : 107)   Assembling time: 0 hours 0 minutes 7 seconds

===== K31 finished. 


===== Copy files started. 


== Running: /Users/cmdb/miniconda3/envs/cmdb/bin/python /Users/cmdb/miniconda3/envs/cmdb/share/spades/spades_pipeline/scripts/copy_files.py /Users/cmdb/qbb2020-answers/week_1_homework/Question3/asm/K31/before_rr.fasta /Users/cmdb/qbb2020-answers/week_1_homework/Question3/asm/before_rr.fasta /Users/cmdb/qbb2020-answers/week_1_homework/Question3/asm/K31/assembly_graph_after_simplification.gfa /Users/cmdb/qbb2020-answers/week_1_homework/Question3/asm/assembly_graph_after_simplification.gfa /Users/cmdb/qbb2020-answers/week_1_homework/Question3/asm/K31/final_contigs.fasta /Users/cmdb/qbb2020-answers/week_1_homework/Question3/asm/contigs.fasta /Users/cmdb/qbb2020-answers/week_1_homework/Question3/asm/K31/first_pe_contigs.fasta /Users/cmdb/qbb2020-answers/week_1_homework/Question3/asm/first_pe_contigs.fasta /Users/cmdb/qbb2020-answers/week_1_homework/Question3/asm/K31/strain_graph.gfa /Users/cmdb/qbb2020-answers/week_1_homework/Question3/asm/strain_graph.gfa /Users/cmdb/qbb2020-answers/week_1_homework/Question3/asm/K31/scaffolds.fasta /Users/cmdb/qbb2020-answers/week_1_homework/Question3/asm/scaffolds.fasta /Users/cmdb/qbb2020-answers/week_1_homework/Question3/asm/K31/scaffolds.paths /Users/cmdb/qbb2020-answers/week_1_homework/Question3/asm/scaffolds.paths /Users/cmdb/qbb2020-answers/week_1_homework/Question3/asm/K31/assembly_graph_with_scaffolds.gfa /Users/cmdb/qbb2020-answers/week_1_homework/Question3/asm/assembly_graph_with_scaffolds.gfa /Users/cmdb/qbb2020-answers/week_1_homework/Question3/asm/K31/assembly_graph.fastg /Users/cmdb/qbb2020-answers/week_1_homework/Question3/asm/assembly_graph.fastg /Users/cmdb/qbb2020-answers/week_1_homework/Question3/asm/K31/final_contigs.paths /Users/cmdb/qbb2020-answers/week_1_homework/Question3/asm/contigs.paths


===== Copy files finished. 


===== Assembling finished. 


===== Breaking scaffolds started. 


== Running: /Users/cmdb/miniconda3/envs/cmdb/bin/python /Users/cmdb/miniconda3/envs/cmdb/share/spades/spades_pipeline/scripts/breaking_scaffolds_script.py --result_scaffolds_filename /Users/cmdb/qbb2020-answers/week_1_homework/Question3/asm/scaffolds.fasta --misc_dir /Users/cmdb/qbb2020-answers/week_1_homework/Question3/asm/misc --threshold_for_breaking_scaffolds 3


===== Breaking scaffolds finished. 


===== Terminate started. 


===== Terminate finished. 

 * Corrected reads are in /Users/cmdb/qbb2020-answers/week_1_homework/Question3/asm/corrected/
 * Assembled contigs are in /Users/cmdb/qbb2020-answers/week_1_homework/Question3/asm/contigs.fasta
 * Assembled scaffolds are in /Users/cmdb/qbb2020-answers/week_1_homework/Question3/asm/scaffolds.fasta
 * Paths in the assembly graph corresponding to the contigs are in /Users/cmdb/qbb2020-answers/week_1_homework/Question3/asm/contigs.paths
 * Paths in the assembly graph corresponding to the scaffolds are in /Users/cmdb/qbb2020-answers/week_1_homework/Question3/asm/scaffolds.paths
 * Assembly graph is in /Users/cmdb/qbb2020-answers/week_1_homework/Question3/asm/assembly_graph.fastg
 * Assembly graph in GFA format is in /Users/cmdb/qbb2020-answers/week_1_homework/Question3/asm/assembly_graph_with_scaffolds.gfa

======= SPAdes pipeline finished.

SPAdes log can be found here: /Users/cmdb/qbb2020-answers/week_1_homework/Question3/asm/spades.log

Thank you for using SPAdes!
